[+] === 开始 hosteons.com 极端深度邮箱收集 ===
[+] === GitHub极端深度挖掘 ===
[+] 搜索所有可能的GitHub查询...
[+] 搜索: hosteons.com
[+] 检查仓库: hosteons/Fail2Ban-Auto-Installer-With-Jail
[+] 从提交发现: kapil@hosteons.com
[+] 从提交发现: kapil@hosteons.com
[+] 检查仓库: hosteons/linux-malware-scanner
[+] 从提交发现: kapil@hosteons.com
[+] 从提交发现: kapil@hosteons.com
[+] 搜索: hosteons
[+] 检查仓库: adonicwd/HostEONS
[+] 检查仓库: bauhaus19198/HostEONS
[+] 检查仓库: chujiannuyou/HostEONS
jq: error (at <stdin>:1): Cannot index string with string "login"
jq: error (at <stdin>:1): Cannot index string with string "commit"
jq: error (at <stdin>:1): Cannot index string with string "commit"
jq: error (at <stdin>:1): Cannot index string with string "commit"
jq: error (at <stdin>:1): Cannot index string with string "commit"
jq: error (at <stdin>:1): Cannot index string with string "commit"
jq: error (at <stdin>:1): Cannot index string with string "commit"
jq: error (at <stdin>:1): Cannot index string with string "assignee"
jq: error (at <stdin>:1): Cannot index string with string "assignee"
jq: error (at <stdin>:1): Cannot index string with string "merged_by"
jq: error (at <stdin>:1): Cannot index string with string "merged_by"
jq: error (at <stdin>:1): Cannot index string with string "merged_by"
jq: error (at <stdin>:1): Cannot index string with string "merged_by"
jq: error (at <stdin>:1): Cannot index string with string "merged_by"
jq: error (at <stdin>:1): Cannot index string with string "author"
jq: error (at <stdin>:1): Cannot index string with string "owner"
[+] 检查仓库: gayledejesus100/hostEONS
jq: error (at <stdin>:1): Cannot index string with string "login"
jq: error (at <stdin>:1): Cannot index string with string "login"
jq: error (at <stdin>:1): Cannot index string with string "login"
jq: error (at <stdin>:1): Cannot index string with string "commit"
jq: error (at <stdin>:1): Cannot index string with string "commit"
jq: error (at <stdin>:1): Cannot index string with string "commit"
jq: error (at <stdin>:1): Cannot index string with string "commit"
jq: error (at <stdin>:1): Cannot index string with string "commit"
jq: error (at <stdin>:1): Cannot index string with string "commit"
jq: error (at <stdin>:1): Cannot index string with string "commit"
jq: error (at <stdin>:1): Cannot index string with string "commit"
jq: error (at <stdin>:1): Cannot index string with string "commit"
jq: error (at <stdin>:1): Cannot index string with string "commit"
jq: error (at <stdin>:1): Cannot index string with string "commit"
jq: error (at <stdin>:1): Cannot index string with string "commit"
jq: error (at <stdin>:1): Cannot index string with string "assignee"
jq: error (at <stdin>:1): Cannot index string with string "assignee"
jq: error (at <stdin>:1): Cannot index string with string "assignee"
jq: error (at <stdin>:1): Cannot index string with string "assignee"
jq: error (at <stdin>:1): Cannot index string with string "assignee"
jq: error (at <stdin>:1): Cannot index string with string "assignee"
jq: error (at <stdin>:1): Cannot index string with string "assignee"
jq: error (at <stdin>:1): Cannot index string with string "assignee"
jq: error (at <stdin>:1): Cannot index string with string "assignee"
jq: error (at <stdin>:1): Cannot index string with string "merged_by"
jq: error (at <stdin>:1): Cannot index string with string "merged_by"
jq: error (at <stdin>:1): Cannot index string with string "merged_by"
jq: error (at <stdin>:1): Cannot index string with string "merged_by"
jq: error (at <stdin>:1): Cannot index string with string "merged_by"
jq: error (at <stdin>:1): Cannot index string with string "merged_by"
jq: error (at <stdin>:1): Cannot index string with string "merged_by"
jq: error (at <stdin>:1): Cannot index string with string "merged_by"
jq: error (at <stdin>:1): Cannot index string with string "login"
jq: error (at <stdin>:1): Cannot index string with string "login"
jq: error (at <stdin>:1): Cannot index string with string "login"
jq: error (at <stdin>:1): Cannot index string with string "login"
jq: error (at <stdin>:1): Cannot index string with string "login"
jq: error (at <stdin>:1): Cannot index string with string "owner"
jq: error (at <stdin>:1): Cannot index string with string "owner"
[+] 检查仓库: hosteons/Fail2Ban-Auto-Installer-With-Jail
jq: error (at <stdin>:1): Cannot index string with string "login"
jq: error (at <stdin>:1): Cannot index string with string "login"
jq: error (at <stdin>:1): Cannot index string with string "login"
jq: error (at <stdin>:1): Cannot index string with string "login"
jq: error (at <stdin>:1): Cannot index string with string "login"
jq: error (at <stdin>:1): Cannot index string with string "login"
jq: error (at <stdin>:1): Cannot index string with string "login"
jq: error (at <stdin>:1): Cannot index string with string "login"
jq: error (at <stdin>:1): Cannot index string with string "login"
[+] 从提交发现: kapil@hosteons.com
[+] 从提交发现: kapil@hosteons.com
jq: error (at <stdin>:1): Cannot index string with string "commit"
jq: error (at <stdin>:1): Cannot index string with string "commit"
jq: error (at <stdin>:1): Cannot index string with string "commit"
jq: error (at <stdin>:1): Cannot index string with string "commit"
jq: error (at <stdin>:1): Cannot index string with string "commit"
jq: error (at <stdin>:1): Cannot index string with string "commit"
jq: error (at <stdin>:1): Cannot index string with string "commit"
jq: error (at <stdin>:1): Cannot index string with string "commit"
jq: error (at <stdin>:1): Cannot index string with string "commit"
jq: error (at <stdin>:1): Cannot index string with string "commit"
jq: error (at <stdin>:1): Cannot index string with string "commit"
jq: error (at <stdin>:1): Cannot index string with string "commit"
jq: error (at <stdin>:1): Cannot index string with string "commit"
jq: error (at <stdin>:1): Cannot index string with string "commit"
jq: error (at <stdin>:1): Cannot index string with string "commit"
jq: error (at <stdin>:1): Cannot index string with string "commit"
jq: error (at <stdin>:1): Cannot index string with string "commit"
jq: error (at <stdin>:1): Cannot index string with string "assignee"
jq: error (at <stdin>:1): Cannot index string with string "assignee"
jq: error (at <stdin>:1): Cannot index string with string "assignee"
jq: error (at <stdin>:1): Cannot index string with string "assignee"
jq: error (at <stdin>:1): Cannot index string with string "assignee"
jq: error (at <stdin>:1): Cannot index string with string "assignee"
jq: error (at <stdin>:1): Cannot index string with string "assignee"
jq: error (at <stdin>:1): Cannot index string with string "assignee"
jq: error (at <stdin>:1): Cannot index string with string "assignee"
jq: error (at <stdin>:1): Cannot index string with string "assignee"
jq: error (at <stdin>:1): Cannot index string with string "merged_by"
jq: error (at <stdin>:1): Cannot index string with string "merged_by"
jq: error (at <stdin>:1): Cannot index string with string "merged_by"
jq: error (at <stdin>:1): Cannot index string with string "merged_by"
jq: error (at <stdin>:1): Cannot index string with string "merged_by"
jq: error (at <stdin>:1): Cannot index string with string "merged_by"
jq: error (at <stdin>:1): Cannot index string with string "merged_by"
jq: error (at <stdin>:1): Cannot index string with string "merged_by"
jq: error (at <stdin>:1): Cannot index string with string "author"
jq: error (at <stdin>:1): Cannot index string with string "login"
jq: error (at <stdin>:1): Cannot index string with string "login"
jq: error (at <stdin>:1): Cannot index string with string "login"
jq: error (at <stdin>:1): Cannot index string with string "login"
jq: error (at <stdin>:1): Cannot index string with string "login"
jq: error (at <stdin>:1): Cannot index string with string "owner"
jq: error (at <stdin>:1): Cannot index string with string "owner"
[+] 检查仓库: hosteons/hosteons
jq: error (at <stdin>:1): Cannot index string with string "login"
jq: error (at <stdin>:1): Cannot index string with string "login"
jq: error (at <stdin>:1): Cannot index string with string "login"
jq: error (at <stdin>:1): Cannot index string with string "login"
jq: error (at <stdin>:1): Cannot index string with string "login"
jq: error (at <stdin>:1): Cannot index string with string "login"
jq: error (at <stdin>:1): Cannot index string with string "login"
jq: error (at <stdin>:1): Cannot index string with string "login"
jq: error (at <stdin>:1): Cannot index string with string "commit"
jq: error (at <stdin>:1): Cannot index string with string "commit"
jq: error (at <stdin>:1): Cannot index string with string "commit"
jq: error (at <stdin>:1): Cannot index string with string "commit"
jq: error (at <stdin>:1): Cannot index string with string "commit"
jq: error (at <stdin>:1): Cannot index string with string "commit"
jq: error (at <stdin>:1): Cannot index string with string "commit"
jq: error (at <stdin>:1): Cannot index string with string "commit"
jq: error (at <stdin>:1): Cannot index string with string "commit"
jq: error (at <stdin>:1): Cannot index string with string "commit"
jq: error (at <stdin>:1): Cannot index string with string "commit"
jq: error (at <stdin>:1): Cannot index string with string "commit"
jq: error (at <stdin>:1): Cannot index string with string "commit"
jq: error (at <stdin>:1): Cannot index string with string "commit"
jq: error (at <stdin>:1): Cannot index string with string "commit"
jq: error (at <stdin>:1): Cannot index string with string "commit"
jq: error (at <stdin>:1): Cannot index string with string "commit"
jq: error (at <stdin>:1): Cannot index string with string "assignee"
jq: error (at <stdin>:1): Cannot index string with string "assignee"
jq: error (at <stdin>:1): Cannot index string with string "assignee"
jq: error (at <stdin>:1): Cannot index string with string "assignee"
jq: error (at <stdin>:1): Cannot index string with string "assignee"
jq: error (at <stdin>:1): Cannot index string with string "assignee"
jq: error (at <stdin>:1): Cannot index string with string "assignee"
jq: error (at <stdin>:1): Cannot index string with string "assignee"
jq: error (at <stdin>:1): Cannot index string with string "assignee"
jq: error (at <stdin>:1): Cannot index string with string "assignee"
jq: error (at <stdin>:1): Cannot index string with string "merged_by"
jq: error (at <stdin>:1): Cannot index string with string "merged_by"
jq: error (at <stdin>:1): Cannot index string with string "merged_by"
jq: error (at <stdin>:1): Cannot index string with string "merged_by"
jq: error (at <stdin>:1): Cannot index string with string "merged_by"
jq: error (at <stdin>:1): Cannot index string with string "merged_by"
jq: error (at <stdin>:1): Cannot index string with string "merged_by"
jq: error (at <stdin>:1): Cannot index string with string "merged_by"
jq: error (at <stdin>:1): Cannot index string with string "merged_by"
jq: error (at <stdin>:1): Cannot index string with string "merged_by"
jq: error (at <stdin>:1): Cannot index string with string "author"
jq: error (at <stdin>:1): Cannot index string with string "login"
jq: error (at <stdin>:1): Cannot index string with string "login"
jq: error (at <stdin>:1): Cannot index string with string "login"
jq: error (at <stdin>:1): Cannot index string with string "login"
jq: error (at <stdin>:1): Cannot index string with string "login"
jq: error (at <stdin>:1): Cannot index string with string "owner"
jq: error (at <stdin>:1): Cannot index string with string "owner"
[+] 检查仓库: hosteons/Initial-VPS-Setup-Script-for-Linux
jq: error (at <stdin>:1): Cannot index string with string "login"
jq: error (at <stdin>:1): Cannot index string with string "login"
jq: error (at <stdin>:1): Cannot index string with string "login"
jq: error (at <stdin>:1): Cannot index string with string "login"
jq: error (at <stdin>:1): Cannot index string with string "login"
jq: error (at <stdin>:1): Cannot index string with string "login"
jq: error (at <stdin>:1): Cannot index string with string "login"
jq: error (at <stdin>:1): Cannot index string with string "login"
jq: error (at <stdin>:1): Cannot index string with string "login"
jq: error (at <stdin>:1): Cannot index string with string "login"
jq: error (at <stdin>:1): Cannot index string with string "commit"
jq: error (at <stdin>:1): Cannot index string with string "commit"
jq: error (at <stdin>:1): Cannot index string with string "commit"
jq: error (at <stdin>:1): Cannot index string with string "commit"
jq: error (at <stdin>:1): Cannot index string with string "commit"
jq: error (at <stdin>:1): Cannot index string with string "commit"
jq: error (at <stdin>:1): Cannot index string with string "commit"
jq: error (at <stdin>:1): Cannot index string with string "commit"
jq: error (at <stdin>:1): Cannot index string with string "commit"
jq: error (at <stdin>:1): Cannot index string with string "commit"
jq: error (at <stdin>:1): Cannot index string with string "commit"
jq: error (at <stdin>:1): Cannot index string with string "commit"
jq: error (at <stdin>:1): Cannot index string with string "commit"
jq: error (at <stdin>:1): Cannot index string with string "commit"
jq: error (at <stdin>:1): Cannot index string with string "commit"
jq: error (at <stdin>:1): Cannot index string with string "commit"
jq: error (at <stdin>:1): Cannot index string with string "commit"
jq: error (at <stdin>:1): Cannot index string with string "commit"
jq: error (at <stdin>:1): Cannot index string with string "commit"
jq: error (at <stdin>:1): Cannot index string with string "commit"
jq: error (at <stdin>:1): Cannot index string with string "assignee"
jq: error (at <stdin>:1): Cannot index string with string "assignee"
jq: error (at <stdin>:1): Cannot index string with string "assignee"
jq: error (at <stdin>:1): Cannot index string with string "assignee"
jq: error (at <stdin>:1): Cannot index string with string "assignee"
jq: error (at <stdin>:1): Cannot index string with string "assignee"
jq: error (at <stdin>:1): Cannot index string with string "assignee"
jq: error (at <stdin>:1): Cannot index string with string "assignee"
jq: error (at <stdin>:1): Cannot index string with string "assignee"
jq: error (at <stdin>:1): Cannot index string with string "assignee"
jq: error (at <stdin>:1): Cannot index string with string "merged_by"
jq: error (at <stdin>:1): Cannot index string with string "merged_by"
jq: error (at <stdin>:1): Cannot index string with string "merged_by"
jq: error (at <stdin>:1): Cannot index string with string "merged_by"
jq: error (at <stdin>:1): Cannot index string with string "merged_by"
jq: error (at <stdin>:1): Cannot index string with string "merged_by"
jq: error (at <stdin>:1): Cannot index string with string "merged_by"
jq: error (at <stdin>:1): Cannot index string with string "merged_by"
jq: error (at <stdin>:1): Cannot index string with string "merged_by"
jq: error (at <stdin>:1): Cannot index string with string "merged_by"
jq: error (at <stdin>:1): Cannot index string with string "author"
jq: error (at <stdin>:1): Cannot index string with string "login"
jq: error (at <stdin>:1): Cannot index string with string "login"
jq: error (at <stdin>:1): Cannot index string with string "login"
jq: error (at <stdin>:1): Cannot index string with string "login"
jq: error (at <stdin>:1): Cannot index string with string "login"
jq: error (at <stdin>:1): Cannot index string with string "owner"
jq: error (at <stdin>:1): Cannot index string with string "owner"
[+] 检查仓库: hosteons/lamp-lemp-oneclick-installer
jq: error (at <stdin>:1): Cannot index string with string "login"
jq: error (at <stdin>:1): Cannot index string with string "login"
jq: error (at <stdin>:1): Cannot index string with string "login"
jq: error (at <stdin>:1): Cannot index string with string "login"
jq: error (at <stdin>:1): Cannot index string with string "login"
jq: error (at <stdin>:1): Cannot index string with string "login"
jq: error (at <stdin>:1): Cannot index string with string "login"
jq: error (at <stdin>:1): Cannot index string with string "login"
jq: error (at <stdin>:1): Cannot index string with string "login"
jq: error (at <stdin>:1): Cannot index string with string "login"
jq: error (at <stdin>:1): Cannot index string with string "commit"
jq: error (at <stdin>:1): Cannot index string with string "commit"
jq: error (at <stdin>:1): Cannot index string with string "commit"
jq: error (at <stdin>:1): Cannot index string with string "commit"
jq: error (at <stdin>:1): Cannot index string with string "commit"
jq: error (at <stdin>:1): Cannot index string with string "commit"
jq: error (at <stdin>:1): Cannot index string with string "commit"
jq: error (at <stdin>:1): Cannot index string with string "commit"
jq: error (at <stdin>:1): Cannot index string with string "commit"
jq: error (at <stdin>:1): Cannot index string with string "commit"
jq: error (at <stdin>:1): Cannot index string with string "commit"
jq: error (at <stdin>:1): Cannot index string with string "commit"
jq: error (at <stdin>:1): Cannot index string with string "commit"
jq: error (at <stdin>:1): Cannot index string with string "commit"
jq: error (at <stdin>:1): Cannot index string with string "commit"
jq: error (at <stdin>:1): Cannot index string with string "commit"
jq: error (at <stdin>:1): Cannot index string with string "commit"
jq: error (at <stdin>:1): Cannot index string with string "commit"
jq: error (at <stdin>:1): Cannot index string with string "commit"
jq: error (at <stdin>:1): Cannot index string with string "commit"
jq: error (at <stdin>:1): Cannot index string with string "assignee"
jq: error (at <stdin>:1): Cannot index string with string "assignee"
jq: error (at <stdin>:1): Cannot index string with string "assignee"
jq: error (at <stdin>:1): Cannot index string with string "assignee"
jq: error (at <stdin>:1): Cannot index string with string "assignee"
jq: error (at <stdin>:1): Cannot index string with string "assignee"
jq: error (at <stdin>:1): Cannot index string with string "assignee"
jq: error (at <stdin>:1): Cannot index string with string "assignee"
jq: error (at <stdin>:1): Cannot index string with string "assignee"
jq: error (at <stdin>:1): Cannot index string with string "assignee"
jq: error (at <stdin>:1): Cannot index string with string "merged_by"
jq: error (at <stdin>:1): Cannot index string with string "merged_by"
jq: error (at <stdin>:1): Cannot index string with string "merged_by"
jq: error (at <stdin>:1): Cannot index string with string "merged_by"
jq: error (at <stdin>:1): Cannot index string with string "merged_by"
jq: error (at <stdin>:1): Cannot index string with string "merged_by"
jq: error (at <stdin>:1): Cannot index string with string "merged_by"
jq: error (at <stdin>:1): Cannot index string with string "merged_by"
jq: error (at <stdin>:1): Cannot index string with string "merged_by"
jq: error (at <stdin>:1): Cannot index string with string "merged_by"
jq: error (at <stdin>:1): Cannot index string with string "author"
jq: error (at <stdin>:1): Cannot index string with string "login"
jq: error (at <stdin>:1): Cannot index string with string "login"
jq: error (at <stdin>:1): Cannot index string with string "login"
jq: error (at <stdin>:1): Cannot index string with string "login"
jq: error (at <stdin>:1): Cannot index string with string "login"
jq: error (at <stdin>:1): Cannot index string with string "owner"
jq: error (at <stdin>:1): Cannot index string with string "owner"
[+] 检查仓库: hosteons/Linux-Hardening-Script
jq: error (at <stdin>:1): Cannot index string with string "login"
jq: error (at <stdin>:1): Cannot index string with string "login"
