
╔═══════════════════════════════════════════════════════════╗
║   ⚡ 优化扫描 - 快速达到10,000订单目标        ║
╚═══════════════════════════════════════════════════════════╝

🎯 优化策略（先扫高密度区）:
  1️⃣ EP 492M-494M (200万号) - 已知高密度
  2️⃣ EF 47M-48M, 43M-44M (200万号) - 高密度
  3️⃣ EP 490M-492M, 494M-496M (400万号) - 扩展
  4️⃣ EF 40M-50M (800万号) - 大范围
  5️⃣ ED/EB/EC (采样)
  
⚡ 预计: 在前400万号内找到10,000订单
  线程: 200
  预计耗时: 2-4小时

🚀 开始优化扫描...

📊 已扫200 | 找到0 (0.0%) | 174/s
📊 已扫1,400 | 找到0 (0.0%) | 219/s
📊 已扫2,600 | 找到0 (0.0%) | 217/s
📊 已扫4,000 | 找到0 (0.0%) | 223/s
📊 已扫5,200 | 找到0 (0.0%) | 218/s
📊 已扫5,800 | 找到0 (0.0%) | 195/s
📊 已扫6,400 | 找到0 (0.0%) | 183/s
📊 已扫6,800 | 找到0 (0.0%) | 170/s
📊 已扫7,400 | 找到0 (0.0%) | 161/s
📊 已扫8,200 | 找到0 (0.0%) | 151/s
📊 已扫9,000 | 找到0 (0.0%) | 152/s
📊 已扫9,400 | 找到0 (0.0%) | 143/s
