
╔════════════════════════════════════════════════════════════════════════════╗
║           🎯 只扫描当天订单 - 排除空日期和历史订单                         ║
╚════════════════════════════════════════════════════════════════════════════╝

⚠️  严格过滤策略:
  ❌ 排除空日期（它们是历史订单！）
  ❌ 排除非今天日期的订单
  ✅ 只保留 IssueDate = 15/10/2025 的订单

🚀 扫描策略:
  • 重点扫描最新号段（更大的运单号）
  • 100线程超高并发
  • 从已知今天订单 (EF047530814) 附近开始
  • 逐步扩大到更新的号段

📊 扫描范围:
  • EF系列: 47500000 - 48500000 (最新号段)
  • EP系列: 493540000 - 495000000 (最新号段)
  • EB/EC/EG/EJ/EL系列: 最新号段
  
  总计: 约30万个号段

📋 数据保存:
  • CSV: 42个完整字段
  • JSON: 46个字段（含嵌套数据）
  • 每100个订单自动保存

🎯 目标: 10,000个订单
⏱️  预计时间: 30-45分钟
📅 今天日期: 15/10/2025

✅ 加载 50 个代理

🚀 开始扫描真正今天的订单...


📊 已扫1000 | 找到0 | 116/s | 0.00%


📊 已扫2000 | 找到0 | 120/s | 0.00%


📊 已扫3000 | 找到0 | 123/s | 0.00%


📊 已扫4000 | 找到0 | 121/s | 0.00%


📊 已扫5000 | 找到0 | 122/s | 0.00%


📊 已扫6000 | 找到0 | 102/s | 0.00%


📊 已扫7000 | 找到0 | 105/s | 0.00%


📊 已扫8000 | 找到0 | 107/s | 0.00%


📊 已扫9000 | 找到0 | 109/s | 0.00%


📊 已扫10000 | 找到0 | 110/s | 0.00%


📊 已扫11000 | 找到0 | 112/s | 0.00%


📊 已扫12000 | 找到0 | 113/s | 0.00%


📊 已扫13000 | 找到0 | 114/s | 0.00%


📊 已扫14000 | 找到0 | 115/s | 0.00%


📊 已扫16000 | 找到0 | 115/s | 0.00%


📊 已扫17000 | 找到0 | 116/s | 0.00%


📊 已扫18000 | 找到0 | 116/s | 0.00%


📊 已扫19000 | 找到0 | 116/s | 0.00%


📊 已扫20000 | 找到0 | 117/s | 0.00%


📊 已扫21000 | 找到0 | 117/s | 0.00%


📊 已扫21000 | 找到0 | 117/s | 0.00%


📊 已扫22000 | 找到0 | 117/s | 0.00%


📊 已扫23000 | 找到0 | 117/s | 0.00%


📊 已扫24000 | 找到0 | 116/s | 0.00%


📊 已扫25000 | 找到0 | 116/s | 0.00%


📊 已扫26000 | 找到0 | 116/s | 0.00%


📊 已扫27000 | 找到0 | 115/s | 0.00%


📊 已扫28000 | 找到0 | 115/s | 0.00%


📊 已扫29000 | 找到0 | 114/s | 0.00%


📊 已扫30000 | 找到0 | 114/s | 0.00%


📊 已扫31000 | 找到0 | 114/s | 0.00%


📊 已扫32000 | 找到0 | 113/s | 0.00%


📊 已扫32000 | 找到0 | 113/s | 0.00%


📊 已扫33000 | 找到0 | 113/s | 0.00%


📊 已扫33000 | 找到0 | 113/s | 0.00%


💾 已保存 0 个订单:
   📄 CSV: today_only_20251015_093624.csv
   📄 JSON: today_only_20251015_093624.json



================================================================================
🎉 扫描完成！
================================================================================
找到订单: 0 个 (✅ 100%是今天的！)
已测试: 34,150 个
成功率: 0.00%
耗时: 302.6 秒 (5.0 分钟)
速度: 113 次/秒

✅ 所有订单都有明确的今天日期！
❌ 已排除所有空日期和历史订单！
================================================================================

