============================================================
全面SQL注入测试 - 所有端点
============================================================
[*] 加载所有端点...
[*] 共 1283 个端点待测试
[*] 开始全面测试...

    [!] POST // [Password] - XPATH: False, 延迟: False, 长度差异: 35

    [!] GET // [Password] - XPATH: False, 延迟: False, 长度差异: 35

    [!] POST // [Password] - XPATH: False, 延迟: False, 长度差异: 72

    [!] POST // [Password] - XPATH: False, 延迟: False, 长度差异: 72

    [!] GET // [Password] - XPATH: False, 延迟: False, 长度差异: 72
    [进度] 100/379768

    [!] POST // [MobileNumber] - XPATH: False, 延迟: False, 长度差异: 35

    [!] GET // [MobileNumber] - XPATH: False, 延迟: False, 长度差异: 35

    [!] POST // [MobileNumber] - XPATH: False, 延迟: False, 长度差异: 72

    [!] GET // [MobileNumber] - XPATH: False, 延迟: False, 长度差异: 72

    [!] POST // [MobileNumber] - XPATH: False, 延迟: False, 长度差异: 72

    [!] GET // [MobileNumber] - XPATH: False, 延迟: False, 长度差异: 72
    [进度] 200/379768

    [!] GET // [Password] - XPATH: False, 延迟: False, 长度差异: 72
    [进度] 300/379768
    [进度] 400/379768
    [进度] 500/379768
    [进度] 600/379768
    [进度] 700/379768
    [进度] 800/379768
    [进度] 900/379768
    [进度] 1000/379768
    [进度] 1100/379768
    [进度] 1200/379768
    [进度] 1300/379768
    [进度] 1400/379768
    [进度] 1500/379768
    [进度] 1600/379768
    [进度] 1700/379768
    [进度] 1800/379768
    [进度] 1900/379768
    [进度] 2000/379768
    [进度] 2100/379768
    [进度] 2200/379768
    [进度] 2300/379768
    [进度] 2400/379768
    [进度] 2500/379768
    [进度] 2600/379768
    [进度] 2700/379768

    [!] POST /API/ChangePasswordById [Password] - XPATH: False, 延迟: True, 长度差异: 3173
    [进度] 2800/379768
    [进度] 2900/379768
    [进度] 3000/379768
    [进度] 3100/379768
    [进度] 3200/379768
    [进度] 3300/379768
    [进度] 3400/379768
    [进度] 3500/379768
    [进度] 3600/379768
    [进度] 3700/379768
    [进度] 3800/379768
    [进度] 3900/379768
    [进度] 4000/379768
    [进度] 4100/379768
    [进度] 4200/379768
    [进度] 4300/379768

    [!] GET /API/DetailsById [userId] - XPATH: False, 延迟: True, 长度差异: 3159
    [进度] 4400/379768
    [进度] 4500/379768
    [进度] 4600/379768
    [进度] 4700/379768
    [进度] 4800/379768
    [进度] 4900/379768
    [进度] 5000/379768
    [进度] 5100/379768
    [进度] 5200/379768
    [进度] 5300/379768
    [进度] 5400/379768
    [进度] 5500/379768
    [进度] 5600/379768
    [进度] 5700/379768
    [进度] 5800/379768
    [进度] 5900/379768
    [进度] 6000/379768
    [进度] 6100/379768
    [进度] 6200/379768
    [进度] 6300/379768
    [进度] 6400/379768
    [进度] 6500/379768
    [进度] 6600/379768
    [进度] 6700/379768
    [进度] 6800/379768
    [进度] 6900/379768
    [进度] 7000/379768
    [进度] 7100/379768
    [进度] 7200/379768
    [进度] 7300/379768
    [进度] 7400/379768
    [进度] 7500/379768
    [进度] 7600/379768
    [进度] 7700/379768
    [进度] 7800/379768
    [进度] 7900/379768
    [进度] 8000/379768
    [进度] 8100/379768
    [进度] 8200/379768
    [进度] 8300/379768
    [进度] 8400/379768
    [进度] 8500/379768
    [进度] 8600/379768
    [进度] 8700/379768
    [进度] 8800/379768
    [进度] 8900/379768
    [进度] 9000/379768
    [进度] 9100/379768
    [进度] 9200/379768
    [进度] 9300/379768
    [进度] 9400/379768
    [进度] 9500/379768
    [进度] 9600/379768
    [进度] 9700/379768
    [进度] 9800/379768
    [进度] 9900/379768
    [进度] 10000/379768
    [进度] 10100/379768
    [进度] 10200/379768
    [进度] 10300/379768
    [进度] 10400/379768
    [进度] 10500/379768
    [进度] 10600/379768
    [进度] 10700/379768
    [进度] 10800/379768
    [进度] 10900/379768
    [进度] 11000/379768
    [进度] 11100/379768
    [进度] 11200/379768
    [进度] 11300/379768
    [进度] 11400/379768
    [进度] 11500/379768
    [进度] 11600/379768
    [进度] 11700/379768
    [进度] 11800/379768
    [进度] 11900/379768
    [进度] 12000/379768
    [进度] 12100/379768
    [进度] 12200/379768
    [进度] 12300/379768
    [进度] 12400/379768
    [进度] 12500/379768
    [进度] 12600/379768
    [进度] 12700/379768
    [进度] 12800/379768
    [进度] 12900/379768
    [进度] 13000/379768
    [进度] 13100/379768
    [进度] 13200/379768
    [进度] 13300/379768
    [进度] 13400/379768
    [进度] 13500/379768
    [进度] 13600/379768
    [进度] 13700/379768
    [进度] 13800/379768
    [进度] 13900/379768
    [进度] 14000/379768
    [进度] 14100/379768
    [进度] 14200/379768
    [进度] 14300/379768
    [进度] 14400/379768
    [进度] 14500/379768
    [进度] 14600/379768
    [进度] 14700/379768
    [进度] 14800/379768
    [进度] 14900/379768
    [进度] 15000/379768
    [进度] 15100/379768
    [进度] 15200/379768
    [进度] 15300/379768
    [进度] 15400/379768
    [进度] 15500/379768
    [进度] 15600/379768
    [进度] 15700/379768
    [进度] 15800/379768
    [进度] 15900/379768
    [进度] 16000/379768
    [进度] 16100/379768
    [进度] 16200/379768
    [进度] 16300/379768
    [进度] 16400/379768
    [进度] 16500/379768
    [进度] 16600/379768
    [进度] 16700/379768
    [进度] 16800/379768
    [进度] 16900/379768
    [进度] 17000/379768
    [进度] 17100/379768
    [进度] 17200/379768
    [进度] 17300/379768
    [进度] 17400/379768
    [进度] 17500/379768
    [进度] 17600/379768
    [进度] 17700/379768
    [进度] 17800/379768
    [进度] 17900/379768
    [进度] 18000/379768
    [进度] 18100/379768
    [进度] 18200/379768
    [进度] 18300/379768
    [进度] 18400/379768
    [进度] 18500/379768
    [进度] 18600/379768
    [进度] 18700/379768
    [进度] 18800/379768
    [进度] 18900/379768
    [进度] 19000/379768
    [进度] 19100/379768
    [进度] 19200/379768
    [进度] 19300/379768
    [进度] 19400/379768
    [进度] 19500/379768
    [进度] 19600/379768
    [进度] 19700/379768
    [进度] 19800/379768
    [进度] 19900/379768
    [进度] 20000/379768
    [进度] 20100/379768
    [进度] 20200/379768
    [进度] 20300/379768
    [进度] 20400/379768
    [进度] 20500/379768
    [进度] 20600/379768
    [进度] 20700/379768
    [进度] 20800/379768
    [进度] 20900/379768
    [进度] 21000/379768
    [进度] 21100/379768
    [进度] 21200/379768
    [进度] 21300/379768
    [进度] 21400/379768
    [进度] 21500/379768
    [进度] 21600/379768
    [进度] 21700/379768
    [进度] 21800/379768
    [进度] 21900/379768
    [进度] 22000/379768
    [进度] 22100/379768
    [进度] 22200/379768
    [进度] 22300/379768
    [进度] 22400/379768
    [进度] 22500/379768
    [进度] 22600/379768
    [进度] 22700/379768
    [进度] 22800/379768
    [进度] 22900/379768
    [进度] 23000/379768
    [进度] 23100/379768
    [进度] 23200/379768
    [进度] 23300/379768
    [进度] 23400/379768
    [进度] 23500/379768
    [进度] 23600/379768
    [进度] 23700/379768
    [进度] 23800/379768
    [进度] 23900/379768
    [进度] 24000/379768
    [进度] 24100/379768
    [进度] 24200/379768
    [进度] 24300/379768
    [进度] 24400/379768
    [进度] 24500/379768
    [进度] 24600/379768
    [进度] 24700/379768
    [进度] 24800/379768
    [进度] 24900/379768
    [进度] 25000/379768
    [进度] 25100/379768
    [进度] 25200/379768
    [进度] 25300/379768
    [进度] 25400/379768
    [进度] 25500/379768
    [进度] 25600/379768
    [进度] 25700/379768
    [进度] 25800/379768
    [进度] 25900/379768
    [进度] 26000/379768
    [进度] 26100/379768
    [进度] 26200/379768
    [进度] 26300/379768
    [进度] 26400/379768
    [进度] 26500/379768
    [进度] 26600/379768
    [进度] 26700/379768